# JRE version: Java(TM) SE Runtime Environment (18.0.1.1+2) (build 18.0.1.1+2-6)
# Java VM: Java HotSpot(TM) 64-Bit Server VM (18.0.1.1+2-6, mixed mode, sharing, tiered, compressed oops, compressed class ptrs, g1 gc, bsd-amd64)
GC Precious Log:
 CardTable entry size: 512
 Card Set container configuration: InlinePtr #cards 5 size 8 Array Of Cards #cards 12 size 40 Howl #buckets 4 coarsen threshold 1843 Howl Bitmap #cards 512 size 80 coarsen threshold 460 Card regions per heap region 1 cards per card region 2048
 CPUs: 8 total, 8 available
 Memory: 8192M
 Large Page Support: Disabled
 NUMA Support: Disabled
 Compressed Oops: Enabled (Zero based)
 Heap Region Size: 1M
 Heap Min Capacity: 8M
 Heap Initial Capacity: 128M
 Heap Max Capacity: 2G
 Pre-touch: Disabled
 Parallel Workers: 8
 Concurrent Workers: 2
 Concurrent Refinement Workers: 8
 Periodic GC: Disabled
Heap:
 garbage-first heap   total 65536K, used 31569K [0x0000000780000000, 0x0000000800000000)
  region size 1024K, 9 young (9216K), 1 survivors (1024K)
 Metaspace       used 28189K, committed 28480K, reserved 1114112K
  class space    used 3390K, committed 3520K, reserved 1048576K
GC Heap History (12 events):
Event: 1.180 GC heap before
{Heap before GC invocations=0 (full 0):
 garbage-first heap   total 133120K, used 24472K [0x0000000780000000, 0x0000000800000000)
  region size 1024K, 23 young (23552K), 0 survivors (0K)
 Metaspace       used 8704K, committed 8896K, reserved 1114112K
  class space    used 976K, committed 1088K, reserved 1048576K
}
Event: 1.189 GC heap after
{Heap after GC invocations=1 (full 0):
 garbage-first heap   total 133120K, used 4950K [0x0000000780000000, 0x0000000800000000)
  region size 1024K, 3 young (3072K), 3 survivors (3072K)
 Metaspace       used 8704K, committed 8896K, reserved 1114112K
  class space    used 976K, committed 1088K, reserved 1048576K
}
Event: 2.716 GC heap before
{Heap before GC invocations=1 (full 0):
 garbage-first heap   total 133120K, used 44886K [0x0000000780000000, 0x0000000800000000)
  region size 1024K, 41 young (41984K), 3 survivors (3072K)
 Metaspace       used 21183K, committed 21504K, reserved 1114112K
  class space    used 2659K, committed 2816K, reserved 1048576K
}
Event: 2.735 GC heap after
{Heap after GC invocations=2 (full 0):
 garbage-first heap   total 133120K, used 15096K [0x0000000780000000, 0x0000000800000000)
  region size 1024K, 6 young (6144K), 6 survivors (6144K)
 Metaspace       used 21183K, committed 21504K, reserved 1114112K
  class space    used 2659K, committed 2816K, reserved 1048576K
}
Event: 5.911 GC heap before
{Heap before GC invocations=3 (full 0):
 garbage-first heap   total 58368K, used 51960K [0x0000000780000000, 0x0000000800000000)
  region size 1024K, 34 young (34816K), 6 survivors (6144K)
 Metaspace       used 26722K, committed 27072K, reserved 1114112K
  class space    used 3244K, committed 3392K, reserved 1048576K
}
Event: 5.928 GC heap after
{Heap after GC invocations=4 (full 0):
 garbage-first heap   total 65536K, used 24225K [0x0000000780000000, 0x0000000800000000)
  region size 1024K, 4 young (4096K), 4 survivors (4096K)
 Metaspace       used 26722K, committed 27072K, reserved 1114112K
  class space    used 3244K, committed 3392K, reserved 1048576K
}
Event: 6.059 GC heap before
{Heap before GC invocations=4 (full 0):
 garbage-first heap   total 65536K, used 25249K [0x0000000780000000, 0x0000000800000000)
  region size 1024K, 5 young (5120K), 4 survivors (4096K)
 Metaspace       used 26734K, committed 27072K, reserved 1114112K
  class space    used 3246K, committed 3392K, reserved 1048576K
}
Event: 6.063 GC heap after
{Heap after GC invocations=5 (full 0):
 garbage-first heap   total 65536K, used 24583K [0x0000000780000000, 0x0000000800000000)
  region size 1024K, 1 young (1024K), 1 survivors (1024K)
 Metaspace       used 26734K, committed 27072K, reserved 1114112K
  class space    used 3246K, committed 3392K, reserved 1048576K
}
Event: 11.526 GC heap before
{Heap before GC invocations=5 (full 0):
 garbage-first heap   total 65536K, used 45063K [0x0000000780000000, 0x0000000800000000)
  region size 1024K, 21 young (21504K), 1 survivors (1024K)
 Metaspace       used 27332K, committed 27648K, reserved 1114112K
  class space    used 3259K, committed 3392K, reserved 1048576K
}
Event: 11.529 GC heap after
{Heap after GC invocations=6 (full 0):
 garbage-first heap   total 65536K, used 24250K [0x0000000780000000, 0x0000000800000000)
  region size 1024K, 1 young (1024K), 1 survivors (1024K)
 Metaspace       used 27332K, committed 27648K, reserved 1114112K
  class space    used 3259K, committed 3392K, reserved 1048576K
}
Event: 17.893 GC heap before
{Heap before GC invocations=6 (full 0):
 garbage-first heap   total 65536K, used 46778K [0x0000000780000000, 0x0000000800000000)
  region size 1024K, 23 young (23552K), 1 survivors (1024K)
 Metaspace       used 27814K, committed 28160K, reserved 1114112K
  class space    used 3340K, committed 3456K, reserved 1048576K
}
Event: 17.897 GC heap after
{Heap after GC invocations=7 (full 0):
 garbage-first heap   total 65536K, used 24401K [0x0000000780000000, 0x0000000800000000)
  region size 1024K, 1 young (1024K), 1 survivors (1024K)
 Metaspace       used 27814K, committed 28160K, reserved 1114112K
  class space    used 3340K, committed 3456K, reserved 1048576K
}

